<?xml version="1.0" encoding="UTF-8"?>
<!-- Generated by org.testng.reporters.JUnitReportReporter -->
<testsuite skipped="0" hostname="LAPTOP-OCA4BR3C" name="com.restapitests.tests.HotelsTests" tests="1" failures="0" timestamp="2022-04-25T12:07:13 IST" time="0.028" errors="0">
  <testcase name="validateResponseBody" time="0.028" classname="com.restapitests.tests.HotelsTests"/>
  <system-out/>
</testsuite> <!-- com.restapitests.tests.HotelsTests -->
