<?xml version="1.0" encoding="UTF-8"?>
<!-- Generated by org.testng.reporters.JUnitReportReporter -->
<testsuite skipped="0" hostname="LAPTOP-OCA4BR3C" name="com.restapitests.tests.FlightsGetFaresCaledarTests" tests="2" failures="0" timestamp="2022-04-26T17:35:06 IST" time="0.007" errors="0">
  <testcase name="validateResponseBody" time="0.004" classname="com.restapitests.tests.FlightsGetFaresCaledarTests"/>
  <system-out/>
  <testcase name="validateStatusCodes" time="0.003" classname="com.restapitests.tests.FlightsGetFaresCaledarTests"/>
  <system-out/>
</testsuite> <!-- com.restapitests.tests.FlightsGetFaresCaledarTests -->
