<?xml version="1.0" encoding="UTF-8"?>
<!-- Generated by org.testng.reporters.JUnitReportReporter -->
<testsuite skipped="0" hostname="LAPTOP-OCA4BR3C" name="com.restapitests.tests.Hotels_SearchTests" tests="6" failures="0" timestamp="2022-04-26T17:35:06 IST" time="1.885" errors="0">
  <testcase name="validateRequestBody" time="0.006" classname="com.restapitests.tests.Hotels_SearchTests"/>
  <system-out/>
  <testcase name="validateStatusCodeandLine" time="0.006" classname="com.restapitests.tests.Hotels_SearchTests"/>
  <system-out/>
  <testcase name="validateHeaderResp" time="0.003" classname="com.restapitests.tests.Hotels_SearchTests"/>
  <system-out/>
  <testcase name="validateWithoutToken" time="0.840" classname="com.restapitests.tests.Hotels_SearchTests"/>
  <system-out/>
  <testcase name="validateWithInvalidToken" time="0.392" classname="com.restapitests.tests.Hotels_SearchTests"/>
  <system-out/>
  <testcase name="validateWithInvalidHeader" time="0.638" classname="com.restapitests.tests.Hotels_SearchTests"/>
  <system-out/>
</testsuite> <!-- com.restapitests.tests.Hotels_SearchTests -->
