<?xml version="1.0" encoding="UTF-8"?>
<!-- Generated by org.testng.reporters.JUnitReportReporter -->
<testsuite skipped="0" hostname="LAPTOP-OCA4BR3C" name="com.restapitests.tests.FlightsListTests" tests="8" failures="0" timestamp="2022-04-26T17:35:06 IST" time="1.487" errors="0">
  <testcase name="validateStatusCode" time="0.014" classname="com.restapitests.tests.FlightsListTests"/>
  <system-out/>
  <testcase name="validateBaseCurrency" time="0.579" classname="com.restapitests.tests.FlightsListTests"/>
  <system-out/>
  <testcase name="validateResponseBody" time="0.002" classname="com.restapitests.tests.FlightsListTests"/>
  <system-out/>
  <testcase name="validateNoOfEquivalentCurrencies" time="0.096" classname="com.restapitests.tests.FlightsListTests"/>
  <system-out/>
  <testcase name="validateStatusLine" time="0.003" classname="com.restapitests.tests.FlightsListTests"/>
  <system-out/>
  <testcase name="validateServerName" time="0.002" classname="com.restapitests.tests.FlightsListTests"/>
  <system-out/>
  <testcase name="validateResposeTime" time="0.017" classname="com.restapitests.tests.FlightsListTests"/>
  <system-out/>
  <testcase name="validateResourceNotFound" time="0.774" classname="com.restapitests.tests.FlightsListTests"/>
  <system-out/>
</testsuite> <!-- com.restapitests.tests.FlightsListTests -->
