<?xml version="1.0" encoding="UTF-8"?>
<!-- Generated by org.testng.reporters.JUnitReportReporter -->
<testsuite skipped="0" hostname="LAPTOP-OCA4BR3C" name="com.restapitests.tests.HotelsLookupTests" tests="2" failures="0" timestamp="2022-04-26T17:35:06 IST" time="0.044" errors="0">
  <testcase name="validateStatusCodes" time="0.003" classname="com.restapitests.tests.HotelsLookupTests"/>
  <system-out/>
  <testcase name="validateResponseBody" time="0.041" classname="com.restapitests.tests.HotelsLookupTests"/>
  <system-out/>
</testsuite> <!-- com.restapitests.tests.HotelsLookupTests -->
