<?xml version="1.0" encoding="UTF-8"?>
<!-- Generated by org.testng.reporters.JUnitReportReporter -->
<testsuite skipped="0" hostname="LAPTOP-OCA4BR3C" name="com.restapitests.tests.Hotels_SearchTests" tests="6" failures="0" timestamp="2022-04-26T20:23:16 IST" time="2.752" errors="0">
  <testcase name="validateRequestBody" time="0.003" classname="com.restapitests.tests.Hotels_SearchTests"/>
  <system-out/>
  <testcase name="validateStatusCodeandLine" time="0.007" classname="com.restapitests.tests.Hotels_SearchTests"/>
  <system-out/>
  <testcase name="validateHeaderResp" time="0.010" classname="com.restapitests.tests.Hotels_SearchTests"/>
  <system-out/>
  <testcase name="validateWithoutToken" time="0.841" classname="com.restapitests.tests.Hotels_SearchTests"/>
  <system-out/>
  <testcase name="validateWithInvalidToken" time="1.074" classname="com.restapitests.tests.Hotels_SearchTests"/>
  <system-out/>
  <testcase name="validateWithInvalidHeader" time="0.817" classname="com.restapitests.tests.Hotels_SearchTests"/>
  <system-out/>
</testsuite> <!-- com.restapitests.tests.Hotels_SearchTests -->
